app/build/intermediates/manifest_merge_blame_file/release/manifest-merger-blame-release-report.txt
1<?xml version="1.0" encoding="utf-8"?>
2<manifest xmlns:android="http://schemas.android.com/apk/res/android"
3    package="com.sshpad.app"
4    android:versionCode="1"
5    android:versionName="0.1.1-alpha" >
6
7    <uses-sdk
8        android:minSdkVersion="31"
9        android:targetSdkVersion="34" />
10
11    <!-- Network Permissions -->
12    <uses-permission android:name="android.permission.INTERNET" />
12-->src/main/AndroidManifest.xml:6:5-67
12-->src/main/AndroidManifest.xml:6:22-64
13    <uses-permission android:name="android.permission.ACCESS_NETWORK_STATE" />
13-->src/main/AndroidManifest.xml:7:5-79
13-->src/main/AndroidManifest.xml:7:22-76
14    <uses-permission android:name="android.permission.CHANGE_NETWORK_STATE" />
14-->src/main/AndroidManifest.xml:8:5-79
14-->src/main/AndroidManifest.xml:8:22-76
15
16    <!-- Foreground Service Permission for Background SSH -->
17    <uses-permission android:name="android.permission.FOREGROUND_SERVICE" />
17-->src/main/AndroidManifest.xml:11:5-77
17-->src/main/AndroidManifest.xml:11:22-74
18    <uses-permission android:name="android.permission.FOREGROUND_SERVICE_DATA_SYNC" />
18-->src/main/AndroidManifest.xml:12:5-87
18-->src/main/AndroidManifest.xml:12:22-84
19
20    <!-- Wake Lock for Keep-Alive -->
21    <uses-permission android:name="android.permission.WAKE_LOCK" />
21-->src/main/AndroidManifest.xml:15:5-68
21-->src/main/AndroidManifest.xml:15:22-65
22
23    <!-- Biometric Authentication -->
24    <uses-permission android:name="android.permission.USE_BIOMETRIC" />
24-->src/main/AndroidManifest.xml:18:5-72
24-->src/main/AndroidManifest.xml:18:22-69
25
26    <permission
26-->[androidx.core:core:1.12.0] AndroidManifest.xml:22:5-24:47
27        android:name="com.sshpad.app.DYNAMIC_RECEIVER_NOT_EXPORTED_PERMISSION"
27-->[androidx.core:core:1.12.0] AndroidManifest.xml:23:9-81
28        android:protectionLevel="signature" />
28-->[androidx.core:core:1.12.0] AndroidManifest.xml:24:9-44
29
30    <uses-permission android:name="com.sshpad.app.DYNAMIC_RECEIVER_NOT_EXPORTED_PERMISSION" />
30-->[androidx.core:core:1.12.0] AndroidManifest.xml:26:5-97
30-->[androidx.core:core:1.12.0] AndroidManifest.xml:26:22-94
31
32    <application
32-->src/main/AndroidManifest.xml:20:5-52:19
33        android:name="com.sshpad.app.SSHPadApplication"
33-->src/main/AndroidManifest.xml:21:9-42
34        android:allowBackup="true"
34-->src/main/AndroidManifest.xml:22:9-35
35        android:appComponentFactory="androidx.core.app.CoreComponentFactory"
35-->[androidx.core:core:1.12.0] AndroidManifest.xml:28:18-86
36        android:dataExtractionRules="@xml/data_extraction_rules"
36-->src/main/AndroidManifest.xml:23:9-65
37        android:extractNativeLibs="false"
38        android:fullBackupContent="@xml/backup_rules"
38-->src/main/AndroidManifest.xml:24:9-54
39        android:icon="@mipmap/ic_launcher"
39-->src/main/AndroidManifest.xml:25:9-43
40        android:label="@string/app_name"
40-->src/main/AndroidManifest.xml:26:9-41
41        android:roundIcon="@mipmap/ic_launcher_round"
41-->src/main/AndroidManifest.xml:27:9-54
42        android:supportsRtl="true"
42-->src/main/AndroidManifest.xml:28:9-35
43        android:theme="@style/Theme.SSHPad" >
43-->src/main/AndroidManifest.xml:29:9-44
44
45        <!-- Main Activity -->
46        <activity
46-->src/main/AndroidManifest.xml:33:9-43:20
47            android:name="com.sshpad.app.presentation.MainActivity"
47-->src/main/AndroidManifest.xml:34:13-54
48            android:configChanges="orientation|screenSize|screenLayout|keyboardHidden"
48-->src/main/AndroidManifest.xml:38:13-87
49            android:exported="true"
49-->src/main/AndroidManifest.xml:35:13-36
50            android:theme="@style/Theme.SSHPad"
50-->src/main/AndroidManifest.xml:36:13-48
51            android:windowSoftInputMode="adjustResize" >
51-->src/main/AndroidManifest.xml:37:13-55
52            <intent-filter>
52-->src/main/AndroidManifest.xml:39:13-42:29
53                <action android:name="android.intent.action.MAIN" />
53-->src/main/AndroidManifest.xml:40:17-69
53-->src/main/AndroidManifest.xml:40:25-66
54
55                <category android:name="android.intent.category.LAUNCHER" />
55-->src/main/AndroidManifest.xml:41:17-77
55-->src/main/AndroidManifest.xml:41:27-74
56            </intent-filter>
57        </activity>
58
59        <!-- SSH Connection Service (Foreground) -->
60        <service
60-->src/main/AndroidManifest.xml:46:9-50:56
61            android:name="com.sshpad.app.ssh.SSHConnectionService"
61-->src/main/AndroidManifest.xml:47:13-53
62            android:enabled="true"
62-->src/main/AndroidManifest.xml:48:13-35
63            android:exported="false"
63-->src/main/AndroidManifest.xml:49:13-37
64            android:foregroundServiceType="dataSync" />
64-->src/main/AndroidManifest.xml:50:13-53
65
66        <provider
66-->[androidx.emoji2:emoji2:1.4.0] AndroidManifest.xml:24:9-32:20
67            android:name="androidx.startup.InitializationProvider"
67-->[androidx.emoji2:emoji2:1.4.0] AndroidManifest.xml:25:13-67
68            android:authorities="com.sshpad.app.androidx-startup"
68-->[androidx.emoji2:emoji2:1.4.0] AndroidManifest.xml:26:13-68
69            android:exported="false" >
69-->[androidx.emoji2:emoji2:1.4.0] AndroidManifest.xml:27:13-37
70            <meta-data
70-->[androidx.emoji2:emoji2:1.4.0] AndroidManifest.xml:29:13-31:52
71                android:name="androidx.emoji2.text.EmojiCompatInitializer"
71-->[androidx.emoji2:emoji2:1.4.0] AndroidManifest.xml:30:17-75
72                android:value="androidx.startup" />
72-->[androidx.emoji2:emoji2:1.4.0] AndroidManifest.xml:31:17-49
73            <meta-data
73-->[androidx.lifecycle:lifecycle-process:2.6.2] AndroidManifest.xml:29:13-31:52
74                android:name="androidx.lifecycle.ProcessLifecycleInitializer"
74-->[androidx.lifecycle:lifecycle-process:2.6.2] AndroidManifest.xml:30:17-78
75                android:value="androidx.startup" />
75-->[androidx.lifecycle:lifecycle-process:2.6.2] AndroidManifest.xml:31:17-49
76            <meta-data
76-->[androidx.profileinstaller:profileinstaller:1.3.0] AndroidManifest.xml:29:13-31:52
77                android:name="androidx.profileinstaller.ProfileInstallerInitializer"
77-->[androidx.profileinstaller:profileinstaller:1.3.0] AndroidManifest.xml:30:17-85
78                android:value="androidx.startup" />
78-->[androidx.profileinstaller:profileinstaller:1.3.0] AndroidManifest.xml:31:17-49
79        </provider>
80
81        <receiver
81-->[androidx.profileinstaller:profileinstaller:1.3.0] AndroidManifest.xml:34:9-52:20
82            android:name="androidx.profileinstaller.ProfileInstallReceiver"
82-->[androidx.profileinstaller:profileinstaller:1.3.0] AndroidManifest.xml:35:13-76
83            android:directBootAware="false"
83-->[androidx.profileinstaller:profileinstaller:1.3.0] AndroidManifest.xml:36:13-44
84            android:enabled="true"
84-->[androidx.profileinstaller:profileinstaller:1.3.0] AndroidManifest.xml:37:13-35
85            android:exported="true"
85-->[androidx.profileinstaller:profileinstaller:1.3.0] AndroidManifest.xml:38:13-36
86            android:permission="android.permission.DUMP" >
86-->[androidx.profileinstaller:profileinstaller:1.3.0] AndroidManifest.xml:39:13-57
87            <intent-filter>
87-->[androidx.profileinstaller:profileinstaller:1.3.0] AndroidManifest.xml:40:13-42:29
88                <action android:name="androidx.profileinstaller.action.INSTALL_PROFILE" />
88-->[androidx.profileinstaller:profileinstaller:1.3.0] AndroidManifest.xml:41:17-91
88-->[androidx.profileinstaller:profileinstaller:1.3.0] AndroidManifest.xml:41:25-88
89            </intent-filter>
90            <intent-filter>
90-->[androidx.profileinstaller:profileinstaller:1.3.0] AndroidManifest.xml:43:13-45:29
91                <action android:name="androidx.profileinstaller.action.SKIP_FILE" />
91-->[androidx.profileinstaller:profileinstaller:1.3.0] AndroidManifest.xml:44:17-85
91-->[androidx.profileinstaller:profileinstaller:1.3.0] AndroidManifest.xml:44:25-82
92            </intent-filter>
93            <intent-filter>
93-->[androidx.profileinstaller:profileinstaller:1.3.0] AndroidManifest.xml:46:13-48:29
94                <action android:name="androidx.profileinstaller.action.SAVE_PROFILE" />
94-->[androidx.profileinstaller:profileinstaller:1.3.0] AndroidManifest.xml:47:17-88
94-->[androidx.profileinstaller:profileinstaller:1.3.0] AndroidManifest.xml:47:25-85
95            </intent-filter>
96            <intent-filter>
96-->[androidx.profileinstaller:profileinstaller:1.3.0] AndroidManifest.xml:49:13-51:29
97                <action android:name="androidx.profileinstaller.action.BENCHMARK_OPERATION" />
97-->[androidx.profileinstaller:profileinstaller:1.3.0] AndroidManifest.xml:50:17-95
97-->[androidx.profileinstaller:profileinstaller:1.3.0] AndroidManifest.xml:50:25-92
98            </intent-filter>
99        </receiver>
100    </application>
101
102</manifest>